<?xml version="1.0" encoding="UTF-8"?>
<testng-results ignored="2" total="3" passed="0" failed="1" skipped="0">
  <reporter-output>
    <line>
      <![CDATA[Browser is launched]]>
    </line>
  </reporter-output>
  <suite started-at="2024-07-24T18:51:52 IST" name="Default suite" finished-at="2024-07-24T18:52:07 IST" duration-ms="14933">
    <groups>
      <group name="SmokeTest">
        <method signature="ContactModuleTest.createContactTest()[pri:0, instance:com.comcast.crm.contact.ContactModuleTest@36902638]" name="createContactTest" class="com.comcast.crm.contact.ContactModuleTest"/>
      </group> <!-- SmokeTest -->
    </groups>
    <test started-at="2024-07-24T18:51:52 IST" name="Default test" finished-at="2024-07-24T18:52:07 IST" duration-ms="14933">
      <class name="com.comcast.crm.contact.ContactModuleTest">
        <test-method is-config="true" signature="configBS()[pri:0, instance:com.comcast.crm.contact.ContactModuleTest@36902638]" started-at="2024-07-24T18:51:52 IST" name="configBS" finished-at="2024-07-24T18:51:52 IST" duration-ms="325" status="PASS">
          <reporter-output>
          </reporter-output>
        </test-method> <!-- configBS -->
        <test-method is-config="true" signature="configBC()[pri:0, instance:com.comcast.crm.contact.ContactModuleTest@36902638]" started-at="2024-07-24T18:51:52 IST" name="configBC" finished-at="2024-07-24T18:51:55 IST" duration-ms="2999" status="PASS">
          <reporter-output>
            <line>
              <![CDATA[Browser is launched]]>
            </line>
          </reporter-output>
        </test-method> <!-- configBC -->
        <test-method is-config="true" signature="configBM()[pri:0, instance:com.comcast.crm.contact.ContactModuleTest@36902638]" started-at="2024-07-24T18:51:55 IST" name="configBM" finished-at="2024-07-24T18:52:00 IST" duration-ms="5441" status="PASS">
          <reporter-output>
          </reporter-output>
        </test-method> <!-- configBM -->
        <test-method signature="createContactTest()[pri:0, instance:com.comcast.crm.contact.ContactModuleTest@36902638]" started-at="2024-07-24T18:52:00 IST" name="createContactTest" finished-at="2024-07-24T18:52:00 IST" duration-ms="21" status="FAIL">
          <exception class="java.lang.NullPointerException">
            <message>
              <![CDATA[Cannot invoke "com.aventstack.extentreports.ExtentTest.log(com.aventstack.extentreports.Status, String)" because the return value of "com.comcast.crm.webdriverutility.UtilityClassObject.getTest()" is null]]>
            </message>
            <full-stacktrace>
              <![CDATA[java.lang.NullPointerException: Cannot invoke "com.aventstack.extentreports.ExtentTest.log(com.aventstack.extentreports.Status, String)" because the return value of "com.comcast.crm.webdriverutility.UtilityClassObject.getTest()" is null
at com.comcast.crm.contact.ContactModuleTest.createContactTest(ContactModuleTest.java:36)
at java.base/jdk.internal.reflect.NativeMethodAccessorImpl.invoke0(Native Method)
at java.base/jdk.internal.reflect.NativeMethodAccessorImpl.invoke(NativeMethodAccessorImpl.java:77)
at java.base/jdk.internal.reflect.DelegatingMethodAccessorImpl.invoke(DelegatingMethodAccessorImpl.java:43)
at java.base/java.lang.reflect.Method.invoke(Method.java:568)
at org.testng.internal.MethodInvocationHelper.invokeMethod(MethodInvocationHelper.java:133)
at org.testng.internal.TestInvoker.invokeMethod(TestInvoker.java:598)
at org.testng.internal.TestInvoker.invokeTestMethod(TestInvoker.java:173)
at org.testng.internal.MethodRunner.runInSequence(MethodRunner.java:46)
at org.testng.internal.TestInvoker$MethodInvocationAgent.invoke(TestInvoker.java:824)
at org.testng.internal.TestInvoker.invokeTestMethods(TestInvoker.java:146)
at org.testng.internal.TestMethodWorker.invokeTestMethods(TestMethodWorker.java:146)
at org.testng.internal.TestMethodWorker.run(TestMethodWorker.java:128)
at java.base/java.util.ArrayList.forEach(ArrayList.java:1511)
at org.testng.TestRunner.privateRun(TestRunner.java:794)
at org.testng.TestRunner.run(TestRunner.java:596)
at org.testng.SuiteRunner.runTest(SuiteRunner.java:377)
at org.testng.SuiteRunner.runSequentially(SuiteRunner.java:371)
at org.testng.SuiteRunner.privateRun(SuiteRunner.java:332)
at org.testng.SuiteRunner.run(SuiteRunner.java:276)
at org.testng.SuiteRunnerWorker.runSuite(SuiteRunnerWorker.java:53)
at org.testng.SuiteRunnerWorker.run(SuiteRunnerWorker.java:96)
at org.testng.TestNG.runSuitesSequentially(TestNG.java:1212)
at org.testng.TestNG.runSuitesLocally(TestNG.java:1134)
at org.testng.TestNG.runSuites(TestNG.java:1063)
at org.testng.TestNG.run(TestNG.java:1031)
at org.testng.remote.AbstractRemoteTestNG.run(AbstractRemoteTestNG.java:115)
at org.testng.remote.RemoteTestNG.initAndRun(RemoteTestNG.java:251)
at org.testng.remote.RemoteTestNG.main(RemoteTestNG.java:77)
]]>
            </full-stacktrace>
          </exception> <!-- java.lang.NullPointerException -->
          <reporter-output>
          </reporter-output>
        </test-method> <!-- createContactTest -->
        <test-method is-config="true" signature="configAM()[pri:0, instance:com.comcast.crm.contact.ContactModuleTest@36902638]" started-at="2024-07-24T18:52:00 IST" name="configAM" finished-at="2024-07-24T18:52:06 IST" duration-ms="6013" status="PASS">
          <reporter-output>
          </reporter-output>
        </test-method> <!-- configAM -->
        <test-method is-config="true" signature="configAC()[pri:0, instance:com.comcast.crm.contact.ContactModuleTest@36902638]" started-at="2024-07-24T18:52:06 IST" name="configAC" finished-at="2024-07-24T18:52:07 IST" duration-ms="376" status="PASS">
          <reporter-output>
          </reporter-output>
        </test-method> <!-- configAC -->
        <test-method is-config="true" signature="configAS()[pri:0, instance:com.comcast.crm.contact.ContactModuleTest@36902638]" started-at="2024-07-24T18:52:07 IST" name="configAS" finished-at="2024-07-24T18:52:07 IST" duration-ms="2" status="PASS">
          <reporter-output>
          </reporter-output>
        </test-method> <!-- configAS -->
      </class> <!-- com.comcast.crm.contact.ContactModuleTest -->
    </test> <!-- Default test -->
  </suite> <!-- Default suite -->
</testng-results>
